{"message":"Unauthorized request to path /bookmarks","level":"error"}
{"message":"Unauthorized request to path /","level":"error"}
{"message":"Bookmark with id 9 not found","level":"error"}
{"message":"Unauthorized request to path /","level":"error"}
{"message":"Unauthorized request to path /","level":"error"}
{"message":"Unauthorized request to path /","level":"error"}
{"message":"Unauthorized request to path /","level":"error"}
{"message":"Unauthorized request to path /bookmarks","level":"error"}
{"message":"Unauthorized request to path /bookmarks/2","level":"error"}
{"message":"Unauthorized request to path /bookmarks/2","level":"error"}
{"message":"Bookmark with id 123 not found","level":"error"}
{"message":"Unauthorized request to path /bookmarks","level":"error"}
{"message":"Unauthorized request to path /bookmarks/2","level":"error"}
{"message":"Unauthorized request to path /bookmarks/2","level":"error"}
{"message":"Bookmark with id 123 not found","level":"error"}
{"message":"Unauthorized request to path /bookmarks","level":"error"}
{"message":"Unauthorized request to path /bookmarks","level":"error"}
{"message":"Unauthorized request to path /bookmarks/2","level":"error"}
{"message":"Unauthorized request to path /bookmarks/2","level":"error"}
{"message":"Bookmark with id 123 not found","level":"error"}
{"message":"Unauthorized request to path /bookmarks","level":"error"}
{"message":"Unauthorized request to path /bookmarks","level":"error"}
{"message":"Unauthorized request to path /bookmarks/2","level":"error"}
{"message":"Unauthorized request to path /bookmarks/2","level":"error"}
{"message":"Bookmark with id 123 not found","level":"error"}
{"message":"Unauthorized request to path /bookmarks","level":"error"}
{"message":"Unauthorized request to path /bookmarks","level":"error"}
{"message":"Unauthorized request to path /bookmarks/2","level":"error"}
{"message":"Unauthorized request to path /bookmarks/2","level":"error"}
{"message":"Bookmark with id 123 not found","level":"error"}
{"message":"Unauthorized request to path /bookmarks","level":"error"}
{"message":"Unauthorized request to path /bookmarks","level":"error"}
{"message":"Unauthorized request to path /bookmarks/2","level":"error"}
{"message":"Unauthorized request to path /bookmarks/2","level":"error"}
{"message":"Bookmark with id 123 not found","level":"error"}
{"message":"Unauthorized request to path /bookmarks","level":"error"}
{"message":"Unauthorized request to path /bookmarks","level":"error"}
{"message":"Unauthorized request to path /bookmarks/2","level":"error"}
{"message":"Unauthorized request to path /bookmarks/2","level":"error"}
{"message":"Bookmark with id 123 not found","level":"error"}
{"message":"Unauthorized request to path /bookmarks","level":"error"}
{"message":"Unauthorized request to path /bookmarks","level":"error"}
{"message":"Unauthorized request to path /bookmarks/2","level":"error"}
{"message":"Unauthorized request to path /bookmarks/2","level":"error"}
{"message":"Bookmark with id 123 not found","level":"error"}
{"message":"Bookmark with id 70789cd8-ab23-4940-93cc-2ab8d8136483 created","level":"info"}
{"message":"Bookmark with id 4 not found.","level":"error"}
{"message":"Invalid rating '9' supplied","level":"error"}
{"message":"Invalid url 'keht.om' supplied","level":"error"}
{"message":"Invalid url 'keht.com' supplied","level":"error"}
{"message":"Invalid url 'keht.com' supplied","level":"error"}
{"message":"Invalid url 'www.keht.com' supplied","level":"error"}
{"message":"Invalid url 'www.facebook.com' supplied","level":"error"}
{"message":"Invalid url 'facebook.com' supplied","level":"error"}
{"message":"Bookmark with id 5 created.","level":"info"}
{"message":"Bookmark with id 5 deleted.","level":"info"}
{"message":"Bookmark with id 9 not found","level":"error"}
{"message":"Bookmark with id 4 deleted.","level":"info"}
{"message":"Unauthorized request to path /bookmarks","level":"error"}
{"message":"Unauthorized request to path /bookmarks","level":"error"}
{"message":"Unauthorized request to path /bookmarks/2","level":"error"}
{"message":"Unauthorized request to path /bookmarks/2","level":"error"}
{"message":"Bookmark with id 123 not found","level":"error"}
{"message":"Bookmark with id 123 not found","level":"error"}
{"message":"Bookmark with id 123 not found","level":"error"}
{"message":"Bookmark with id 2 deleted.","level":"info"}
{"message":"title is required","level":"error"}
{"message":"title is required","level":"error"}
{"message":"title is required","level":"error"}
{"message":"url is required","level":"error"}
{"message":"rating is required","level":"error"}
{"message":"title is required","level":"error"}
{"message":"url is required","level":"error"}
{"message":"rating is required","level":"error"}
{"message":"title is required","level":"error"}
{"message":"url is required","level":"error"}
{"message":"rating is required","level":"error"}
{"message":"Invalid rating 'invalid' supplied","level":"error"}
{"message":"title is required","level":"error"}
{"message":"url is required","level":"error"}
{"message":"rating is required","level":"error"}
{"message":"Invalid rating 'invalid' supplied","level":"error"}
{"message":"title is required","level":"error"}
{"message":"url is required","level":"error"}
{"message":"rating is required","level":"error"}
{"message":"Invalid rating 'invalid' supplied","level":"error"}
{"message":"Invalid url 'htp://invalid' supplied","level":"error"}
{"message":"title is required","level":"error"}
{"message":"url is required","level":"error"}
{"message":"rating is required","level":"error"}
{"message":"Invalid rating 'invalid' supplied","level":"error"}
{"message":"Invalid url 'htp://invalid' supplied","level":"error"}
{"message":"Bookmark with id 1 created.","level":"info"}
{"message":"title is required","level":"error"}
{"message":"url is required","level":"error"}
{"message":"rating is required","level":"error"}
{"message":"Invalid rating 'invalid' supplied","level":"error"}
{"message":"Invalid url 'htp://invalid' supplied","level":"error"}
{"message":"Bookmark with id 1 created.","level":"info"}
{"message":"Unauthorized request to path /bookmarks","level":"error"}
{"message":"Unauthorized request to path /bookmarks","level":"error"}
{"message":"Unauthorized request to path /bookmarks/2","level":"error"}
{"message":"Unauthorized request to path /bookmarks/2","level":"error"}
{"message":"Bookmark with id 123 not found","level":"error"}
{"message":"Bookmark with id 123 not found","level":"error"}
{"message":"Bookmark with id 2 deleted.","level":"info"}
{"message":"title is required","level":"error"}
{"message":"url is required","level":"error"}
{"message":"rating is required","level":"error"}
{"message":"Invalid rating 'invalid' supplied","level":"error"}
{"message":"Invalid url 'htp://invalid' supplied","level":"error"}
{"message":"Bookmark with id 1 created.","level":"info"}
{"message":"Bookmark with id 1 created.","level":"info"}
{"message":"Unauthorized request to path /bookmarks","level":"error"}
{"message":"Unauthorized request to path /bookmarks","level":"error"}
{"message":"Unauthorized request to path /bookmarks/2","level":"error"}
{"message":"Unauthorized request to path /bookmarks/2","level":"error"}
{"message":"Bookmark with id 123 not found","level":"error"}
{"message":"Bookmark with id 123 not found","level":"error"}
{"message":"Bookmark with id 2 deleted.","level":"info"}
{"message":"title is required","level":"error"}
{"message":"url is required","level":"error"}
{"message":"rating is required","level":"error"}
{"message":"Invalid rating 'invalid' supplied","level":"error"}
{"message":"Invalid url 'htp://invalid' supplied","level":"error"}
{"message":"Bookmark with id 1 created.","level":"info"}
{"message":"Bookmark with id 1 created.","level":"info"}
{"message":"Unauthorized request to path /bookmarks","level":"error"}
{"message":"Unauthorized request to path /bookmarks","level":"error"}
{"message":"Unauthorized request to path /bookmarks/2","level":"error"}
{"message":"Unauthorized request to path /bookmarks/2","level":"error"}
{"message":"Bookmark with id 123 not found","level":"error"}
{"message":"Bookmark with id 123 not found","level":"error"}
{"message":"Bookmark with id 2 deleted.","level":"info"}
{"message":"title is required","level":"error"}
{"message":"url is required","level":"error"}
{"message":"rating is required","level":"error"}
{"message":"Invalid rating 'invalid' supplied","level":"error"}
{"message":"Invalid url 'htp://invalid' supplied","level":"error"}
{"message":"Bookmark with id 1 created.","level":"info"}
{"message":"Bookmark with id 1 created.","level":"info"}
{"message":"Unauthorized request to path /api/bookmarks","level":"error"}
{"message":"Unauthorized request to path /bookmarks","level":"error"}
{"message":"Unauthorized request to path /bookmarks/2","level":"error"}
{"message":"Unauthorized request to path /bookmarks/2","level":"error"}
{"message":"Bookmark with id 123 not found","level":"error"}
{"message":"Bookmark with id 123 not found","level":"error"}
{"message":"Bookmark with id 2 deleted.","level":"info"}
{"message":"title is required","level":"error"}
{"message":"url is required","level":"error"}
{"message":"rating is required","level":"error"}
{"message":"Invalid rating 'invalid' supplied","level":"error"}
{"message":"Invalid url 'htp://invalid' supplied","level":"error"}
{"message":"Bookmark with id 1 created.","level":"info"}
{"message":"Bookmark with id 1 created.","level":"info"}
{"message":"Unauthorized request to path /api/bookmarks","level":"error"}
{"message":"Unauthorized request to path /api/bookmarks","level":"error"}
{"message":"Unauthorized request to path /api/bookmarks/2","level":"error"}
{"message":"Unauthorized request to path /api/bookmarks/2","level":"error"}
{"message":"Unauthorized request to path /api/bookmarks","level":"error"}
{"message":"Unauthorized request to path /api/bookmarks","level":"error"}
{"message":"Unauthorized request to path /api/bookmarks/2","level":"error"}
{"message":"Unauthorized request to path /api/bookmarks/2","level":"error"}
{"message":"Unauthorized request to path /api/bookmarks","level":"error"}
{"message":"Unauthorized request to path /api/bookmarks","level":"error"}
{"message":"Unauthorized request to path /api/bookmarks/2","level":"error"}
{"message":"Unauthorized request to path /api/bookmarks/2","level":"error"}
{"message":"Unauthorized request to path /api/bookmarks","level":"error"}
{"message":"Unauthorized request to path /api/bookmarks","level":"error"}
{"message":"Unauthorized request to path /api/bookmarks/2","level":"error"}
{"message":"Unauthorized request to path /api/bookmarks/2","level":"error"}
{"message":"Unauthorized request to path /api/bookmarks","level":"error"}
{"message":"Unauthorized request to path /api/bookmarks","level":"error"}
{"message":"Unauthorized request to path /api/bookmarks/2","level":"error"}
{"message":"Unauthorized request to path /api/bookmarks/2","level":"error"}
{"message":"Unauthorized request to path /api/bookmarks","level":"error"}
{"message":"Unauthorized request to path /api/bookmarks","level":"error"}
{"message":"Unauthorized request to path /api/bookmarks/2","level":"error"}
{"message":"Unauthorized request to path /api/bookmarks/2","level":"error"}
{"message":"title is required","level":"error"}
{"message":"url is required","level":"error"}
{"message":"rating is required","level":"error"}
{"message":"Invalid rating 'invalid' supplied","level":"error"}
{"message":"Invalid url 'htp://invalid' supplied","level":"error"}
{"message":"Bookmark with id 1 created.","level":"info"}
{"message":"Bookmark with id 1 created.","level":"info"}
{"message":"Unauthorized request to path /api/bookmarks","level":"error"}
{"message":"Unauthorized request to path /api/bookmarks","level":"error"}
{"message":"Unauthorized request to path /api/bookmarks/2","level":"error"}
{"message":"Unauthorized request to path /api/bookmarks/2","level":"error"}
{"message":"Bookmark with id 123 not found","level":"error"}
{"message":"Bookmark with id 123 not found","level":"error"}
{"message":"Bookmark with id 2 deleted.","level":"info"}
{"message":"title is required","level":"error"}
{"message":"url is required","level":"error"}
{"message":"rating is required","level":"error"}
{"message":"Invalid rating 'invalid' supplied","level":"error"}
{"message":"Invalid url 'htp://invalid' supplied","level":"error"}
{"message":"Bookmark with id 1 created.","level":"info"}
{"message":"Bookmark with id 1 created.","level":"info"}
{"message":"Unauthorized request to path /api/bookmarks","level":"error"}
{"message":"Unauthorized request to path /api/bookmarks","level":"error"}
{"message":"Unauthorized request to path /api/bookmarks/2","level":"error"}
{"message":"Unauthorized request to path /api/bookmarks/2","level":"error"}
{"message":"Bookmark with id 123 not found","level":"error"}
{"message":"Bookmark with id 123 not found","level":"error"}
{"message":"Bookmark with id 2 deleted.","level":"info"}
{"message":"title is required","level":"error"}
{"message":"url is required","level":"error"}
{"message":"rating is required","level":"error"}
{"message":"Invalid rating 'invalid' supplied","level":"error"}
{"message":"Invalid url 'htp://invalid' supplied","level":"error"}
{"message":"Bookmark with id 1 created.","level":"info"}
{"message":"Bookmark with id 1 created.","level":"info"}
{"message":"Unauthorized request to path /api/bookmarks","level":"error"}
{"message":"Unauthorized request to path /api/bookmarks","level":"error"}
{"message":"Unauthorized request to path /api/bookmarks/2","level":"error"}
{"message":"Unauthorized request to path /api/bookmarks/2","level":"error"}
{"message":"Bookmark with id 123 not found","level":"error"}
{"message":"Bookmark with id 123 not found","level":"error"}
{"message":"Bookmark with id 2 deleted.","level":"info"}
{"message":"title is required","level":"error"}
{"message":"url is required","level":"error"}
{"message":"rating is required","level":"error"}
{"message":"Invalid rating 'invalid' supplied","level":"error"}
{"message":"Invalid url 'htp://invalid' supplied","level":"error"}
{"message":"Bookmark with id 1 created.","level":"info"}
{"message":"Bookmark with id 1 created.","level":"info"}
{"message":"Unauthorized request to path /api/bookmarks","level":"error"}
{"message":"Unauthorized request to path /api/bookmarks","level":"error"}
{"message":"Unauthorized request to path /api/bookmarks/2","level":"error"}
{"message":"Unauthorized request to path /api/bookmarks/2","level":"error"}
{"message":"Bookmark with id 123 not found","level":"error"}
{"message":"Bookmark with id 123 not found","level":"error"}
{"message":"Bookmark with id 2 deleted.","level":"info"}
{"message":"title is required","level":"error"}
{"message":"url is required","level":"error"}
{"message":"rating is required","level":"error"}
{"message":"Invalid rating 'invalid' supplied","level":"error"}
{"message":"Invalid url 'htp://invalid' supplied","level":"error"}
{"message":"Bookmark with id 1 created.","level":"info"}
{"message":"Bookmark with id 1 created.","level":"info"}
{"message":"Unauthorized request to path /api/bookmarks","level":"error"}
{"message":"Unauthorized request to path /api/bookmarks","level":"error"}
{"message":"Unauthorized request to path /api/bookmarks","level":"error"}
{"message":"Unauthorized request to path /api/bookmarks/2","level":"error"}
{"message":"Unauthorized request to path /api/bookmarks/2","level":"error"}
{"message":"Bookmark with id 123 not found","level":"error"}
{"message":"Bookmark with id 123 not found","level":"error"}
{"message":"Bookmark with id 2 deleted.","level":"info"}
{"message":"title is required","level":"error"}
{"message":"url is required","level":"error"}
{"message":"rating is required","level":"error"}
{"message":"Invalid rating 'invalid' supplied","level":"error"}
{"message":"Invalid url 'htp://invalid' supplied","level":"error"}
{"message":"Bookmark with id 1 created.","level":"info"}
{"message":"Bookmark with id 1 created.","level":"info"}
{"message":"Unauthorized request to path /api/bookmarks","level":"error"}
{"message":"Unauthorized request to path /api/bookmarks","level":"error"}
{"message":"Unauthorized request to path /api/bookmarks","level":"error"}
{"message":"Unauthorized request to path /api/bookmarks/2","level":"error"}
{"message":"Unauthorized request to path /api/bookmarks/2","level":"error"}
{"message":"Bookmark with id 123 not found","level":"error"}
{"message":"Bookmark with id 123 not found","level":"error"}
{"message":"Bookmark with id 2 deleted.","level":"info"}
{"message":"title is required","level":"error"}
{"message":"url is required","level":"error"}
{"message":"rating is required","level":"error"}
{"message":"Invalid rating 'invalid' supplied","level":"error"}
{"message":"Invalid url 'htp://invalid' supplied","level":"error"}
{"message":"Bookmark with id 1 created.","level":"info"}
{"message":"Bookmark with id 1 created.","level":"info"}
{"message":"Bookmark with id 123456 not found","level":"error"}
{"message":"Unauthorized request to path /api/bookmarks","level":"error"}
{"message":"Unauthorized request to path /api/bookmarks","level":"error"}
{"message":"Unauthorized request to path /api/bookmarks/2","level":"error"}
{"message":"Unauthorized request to path /api/bookmarks/2","level":"error"}
{"message":"Bookmark with id 123 not found","level":"error"}
{"message":"Bookmark with id 123 not found","level":"error"}
{"message":"Bookmark with id 2 deleted.","level":"info"}
{"message":"title is required","level":"error"}
{"message":"url is required","level":"error"}
{"message":"rating is required","level":"error"}
{"message":"Invalid rating 'invalid' supplied","level":"error"}
{"message":"Invalid url 'htp://invalid' supplied","level":"error"}
{"message":"Bookmark with id 1 created.","level":"info"}
{"message":"Bookmark with id 1 created.","level":"info"}
{"message":"Bookmark with id 123456 not found","level":"error"}
{"message":"Unauthorized request to path /api/bookmarks","level":"error"}
{"message":"Unauthorized request to path /api/bookmarks","level":"error"}
{"message":"Unauthorized request to path /api/bookmarks/2","level":"error"}
{"message":"Unauthorized request to path /api/bookmarks/2","level":"error"}
{"message":"Bookmark with id 123 not found","level":"error"}
{"message":"Bookmark with id 123 not found","level":"error"}
{"message":"Bookmark with id 2 deleted.","level":"info"}
{"message":"title is required","level":"error"}
{"message":"url is required","level":"error"}
{"message":"rating is required","level":"error"}
{"message":"Invalid rating 'invalid' supplied","level":"error"}
{"message":"Invalid url 'htp://invalid' supplied","level":"error"}
{"message":"Bookmark with id 1 created.","level":"info"}
{"message":"Bookmark with id 1 created.","level":"info"}
{"message":"Bookmark with id 123456 not found","level":"error"}
{"message":"Unauthorized request to path /api/bookmarks","level":"error"}
{"message":"Unauthorized request to path /api/bookmarks","level":"error"}
{"message":"Unauthorized request to path /api/bookmarks/2","level":"error"}
{"message":"Unauthorized request to path /api/bookmarks/2","level":"error"}
{"message":"Bookmark with id 123 not found","level":"error"}
{"message":"Bookmark with id 123 not found","level":"error"}
{"message":"Bookmark with id 2 deleted.","level":"info"}
{"message":"title is required","level":"error"}
{"message":"url is required","level":"error"}
{"message":"rating is required","level":"error"}
{"message":"Invalid rating 'invalid' supplied","level":"error"}
{"message":"Invalid url 'htp://invalid' supplied","level":"error"}
{"message":"Bookmark with id 1 created.","level":"info"}
{"message":"Bookmark with id 1 created.","level":"info"}
{"message":"Bookmark with id 123456 not found","level":"error"}
{"message":"Unauthorized request to path /api/bookmarks","level":"error"}
{"message":"Unauthorized request to path /api/bookmarks","level":"error"}
{"message":"Unauthorized request to path /api/bookmarks/2","level":"error"}
{"message":"Unauthorized request to path /api/bookmarks/2","level":"error"}
{"message":"Bookmark with id 123 not found","level":"error"}
{"message":"Bookmark with id 123 not found","level":"error"}
{"message":"Bookmark with id 2 deleted.","level":"info"}
{"message":"title is required","level":"error"}
{"message":"url is required","level":"error"}
{"message":"rating is required","level":"error"}
{"message":"Invalid rating 'invalid' supplied","level":"error"}
{"message":"Invalid url 'htp://invalid' supplied","level":"error"}
{"message":"Bookmark with id 1 created.","level":"info"}
{"message":"Bookmark with id 1 created.","level":"info"}
{"message":"Bookmark with id 123456 not found","level":"error"}
{"message":"Unauthorized request to path /api/bookmarks","level":"error"}
{"message":"Unauthorized request to path /api/bookmarks","level":"error"}
{"message":"Unauthorized request to path /api/bookmarks/2","level":"error"}
{"message":"Unauthorized request to path /api/bookmarks/2","level":"error"}
{"message":"Bookmark with id 123 not found","level":"error"}
{"message":"Bookmark with id 123 not found","level":"error"}
{"message":"Bookmark with id 2 deleted.","level":"info"}
{"message":"title is required","level":"error"}
{"message":"url is required","level":"error"}
{"message":"rating is required","level":"error"}
{"message":"Invalid rating 'invalid' supplied","level":"error"}
{"message":"Invalid url 'htp://invalid' supplied","level":"error"}
{"message":"Bookmark with id 1 created.","level":"info"}
{"message":"Bookmark with id 1 created.","level":"info"}
{"message":"Bookmark with id 123456 not found","level":"error"}
{"message":"Invalid update without required fields","level":"error"}
{"message":"Unauthorized request to path /api/bookmarks","level":"error"}
{"message":"Unauthorized request to path /api/bookmarks","level":"error"}
{"message":"Unauthorized request to path /api/bookmarks/2","level":"error"}
{"message":"Unauthorized request to path /api/bookmarks/2","level":"error"}
{"message":"Bookmark with id 123 not found","level":"error"}
{"message":"Bookmark with id 123 not found","level":"error"}
{"message":"Bookmark with id 2 deleted.","level":"info"}
{"message":"title is required","level":"error"}
{"message":"url is required","level":"error"}
{"message":"rating is required","level":"error"}
{"message":"Invalid rating 'invalid' supplied","level":"error"}
{"message":"Invalid url 'htp://invalid' supplied","level":"error"}
{"message":"Bookmark with id 1 created.","level":"info"}
{"message":"Bookmark with id 1 created.","level":"info"}
{"message":"Bookmark with id 123456 not found","level":"error"}
{"message":"Invalid url 'mika.com' supplied","level":"error"}
{"message":"Invalid update without required fields","level":"error"}
{"message":"Unauthorized request to path /api/bookmarks","level":"error"}
{"message":"Unauthorized request to path /api/bookmarks","level":"error"}
{"message":"Unauthorized request to path /api/bookmarks/2","level":"error"}
{"message":"Unauthorized request to path /api/bookmarks/2","level":"error"}
{"message":"Bookmark with id 123 not found","level":"error"}
{"message":"Bookmark with id 123 not found","level":"error"}
{"message":"Bookmark with id 2 deleted.","level":"info"}
{"message":"title is required","level":"error"}
{"message":"url is required","level":"error"}
{"message":"rating is required","level":"error"}
{"message":"Invalid rating 'invalid' supplied","level":"error"}
{"message":"Invalid url 'htp://invalid' supplied","level":"error"}
{"message":"Bookmark with id 1 created.","level":"info"}
{"message":"Bookmark with id 1 created.","level":"info"}
{"message":"Bookmark with id 123456 not found","level":"error"}
{"message":"Invalid url 'mika.com' supplied","level":"error"}
{"message":"Invalid update without required fields","level":"error"}
{"message":"Unauthorized request to path /api/bookmarks","level":"error"}
{"message":"Unauthorized request to path /api/bookmarks","level":"error"}
{"message":"Unauthorized request to path /api/bookmarks/2","level":"error"}
{"message":"Unauthorized request to path /api/bookmarks/2","level":"error"}
{"message":"Bookmark with id 123 not found","level":"error"}
{"message":"Bookmark with id 123 not found","level":"error"}
{"message":"Bookmark with id 2 deleted.","level":"info"}
{"message":"title is required","level":"error"}
{"message":"url is required","level":"error"}
{"message":"rating is required","level":"error"}
{"message":"Invalid rating 'invalid' supplied","level":"error"}
{"message":"Invalid url 'htp://invalid' supplied","level":"error"}
{"message":"Bookmark with id 1 created.","level":"info"}
{"message":"Bookmark with id 1 created.","level":"info"}
{"message":"Bookmark with id 123456 not found","level":"error"}
{"message":"Invalid url 'mika.com' supplied","level":"error"}
{"message":"Invalid update without required fields","level":"error"}
{"message":"Unauthorized request to path /api/bookmarks","level":"error"}
{"message":"Unauthorized request to path /api/bookmarks","level":"error"}
{"message":"Unauthorized request to path /api/bookmarks/2","level":"error"}
{"message":"Unauthorized request to path /api/bookmarks/2","level":"error"}
{"message":"Bookmark with id 123 not found","level":"error"}
{"message":"Bookmark with id 123 not found","level":"error"}
{"message":"Bookmark with id 2 deleted.","level":"info"}
{"message":"title is required","level":"error"}
{"message":"url is required","level":"error"}
{"message":"rating is required","level":"error"}
{"message":"Invalid rating 'invalid' supplied","level":"error"}
{"message":"Invalid url 'htp://invalid' supplied","level":"error"}
{"message":"Bookmark with id 1 created.","level":"info"}
{"message":"Bookmark with id 1 created.","level":"info"}
{"message":"Bookmark with id 123456 not found","level":"error"}
{"message":"Invalid update without required fields","level":"error"}
{"message":"Unauthorized request to path /api/bookmarks","level":"error"}
{"message":"Unauthorized request to path /api/bookmarks","level":"error"}
{"message":"Unauthorized request to path /api/bookmarks/2","level":"error"}
{"message":"Unauthorized request to path /api/bookmarks/2","level":"error"}
{"message":"Bookmark with id 123 not found","level":"error"}
{"message":"Bookmark with id 123 not found","level":"error"}
{"message":"Bookmark with id 2 deleted.","level":"info"}
{"message":"title is required","level":"error"}
{"message":"url is required","level":"error"}
{"message":"rating is required","level":"error"}
{"message":"Invalid rating 'invalid' supplied","level":"error"}
{"message":"Invalid url 'htp://invalid' supplied","level":"error"}
{"message":"Bookmark with id 1 created.","level":"info"}
{"message":"Bookmark with id 1 created.","level":"info"}
{"message":"Bookmark with id 123456 not found","level":"error"}
{"message":"Invalid update without required fields","level":"error"}
{"message":"Unauthorized request to path /api/bookmarks","level":"error"}
{"message":"Unauthorized request to path /api/bookmarks","level":"error"}
{"message":"Unauthorized request to path /api/bookmarks/2","level":"error"}
{"message":"Unauthorized request to path /api/bookmarks/2","level":"error"}
{"message":"Bookmark with id 123 not found","level":"error"}
{"message":"Bookmark with id 123 not found","level":"error"}
{"message":"Bookmark with id 2 deleted.","level":"info"}
{"message":"title is required","level":"error"}
{"message":"url is required","level":"error"}
{"message":"rating is required","level":"error"}
{"message":"Invalid rating 'invalid' supplied","level":"error"}
{"message":"Invalid url 'htp://invalid' supplied","level":"error"}
{"message":"Bookmark with id 1 created.","level":"info"}
{"message":"Bookmark with id 1 created.","level":"info"}
{"message":"Bookmark with id 123456 not found","level":"error"}
{"message":"Invalid update without required fields","level":"error"}
{"message":"Invalid rating 'hi' supplied","level":"error"}
{"message":"Unauthorized request to path /api/bookmarks","level":"error"}
{"message":"Unauthorized request to path /api/bookmarks","level":"error"}
{"message":"Unauthorized request to path /api/bookmarks/2","level":"error"}
{"message":"Unauthorized request to path /api/bookmarks/2","level":"error"}
{"message":"Bookmark with id 123 not found","level":"error"}
{"message":"Bookmark with id 123 not found","level":"error"}
{"message":"Bookmark with id 2 deleted.","level":"info"}
{"message":"title is required","level":"error"}
{"message":"url is required","level":"error"}
{"message":"rating is required","level":"error"}
{"message":"Invalid rating 'invalid' supplied","level":"error"}
{"message":"Invalid url 'htp://invalid' supplied","level":"error"}
{"message":"Bookmark with id 1 created.","level":"info"}
{"message":"Bookmark with id 1 created.","level":"info"}
{"message":"Bookmark with id 123456 not found","level":"error"}
{"message":"Invalid update without required fields","level":"error"}
{"message":"Invalid rating 'hi' supplied","level":"error"}
{"message":"Invalid url 'uty' supplied","level":"error"}
{"message":"Unauthorized request to path /api/bookmarks","level":"error"}
{"message":"Unauthorized request to path /api/bookmarks","level":"error"}
{"message":"Unauthorized request to path /api/bookmarks/2","level":"error"}
{"message":"Unauthorized request to path /api/bookmarks/2","level":"error"}
{"message":"Bookmark with id 123 not found","level":"error"}
{"message":"Bookmark with id 123 not found","level":"error"}
{"message":"Bookmark with id 2 deleted.","level":"info"}
{"message":"title is required","level":"error"}
{"message":"url is required","level":"error"}
{"message":"rating is required","level":"error"}
{"message":"Invalid rating 'invalid' supplied","level":"error"}
{"message":"Invalid url 'htp://invalid' supplied","level":"error"}
{"message":"Bookmark with id 1 created.","level":"info"}
{"message":"Bookmark with id 1 created.","level":"info"}
{"message":"Bookmark with id 123456 not found","level":"error"}
{"message":"Invalid update without required fields","level":"error"}
{"message":"Invalid rating 'hi' supplied","level":"error"}
{"message":"Invalid url 'uty' supplied","level":"error"}
{"message":"Unauthorized request to path /api/bookmarks","level":"error"}
{"message":"Unauthorized request to path /api/bookmarks","level":"error"}
{"message":"Unauthorized request to path /api/bookmarks","level":"error"}
{"message":"Unauthorized request to path /api/bookmarks","level":"error"}
{"message":"Unauthorized request to path /api/bookmarks","level":"error"}
{"message":"Unauthorized request to path /api/bookmarks","level":"error"}
{"message":"Bookmark with id 1 deleted.","level":"info"}
{"message":"Bookmark with id 1 not found","level":"error"}
{"message":"Bookmark with id 6 created.","level":"info"}
{"message":"Bookmark with id 7 created.","level":"info"}
{"message":"Bookmark with id 2 deleted.","level":"info"}
{"message":"Bookmark with id 8 created.","level":"info"}
{"message":"Bookmark with id 8 deleted.","level":"info"}
{"message":"Bookmark with id 8 not found","level":"error"}
{"message":"Bookmark with id 9 created.","level":"info"}
{"message":"Bookmark with id 9 deleted.","level":"info"}
{"message":"Bookmark with id 9 not found","level":"error"}
{"message":"Bookmark with id 10 created.","level":"info"}
{"message":"Bookmark with id 10 deleted.","level":"info"}
{"message":"Bookmark with id 10 not found","level":"error"}
{"message":"Bookmark with id 10 not found","level":"error"}
{"message":"Bookmark with id 7 deleted.","level":"info"}
{"message":"Bookmark with id 7 not found","level":"error"}
{"message":"Bookmark with id 7 not found","level":"error"}
{"message":"Bookmark with id 6 deleted.","level":"info"}
{"message":"Bookmark with id 11 created.","level":"info"}
{"message":"Bookmark with id 11 deleted.","level":"info"}
{"message":"Bookmark with id 12 created.","level":"info"}
{"message":"Bookmark with id 12 deleted.","level":"info"}
{"message":"Bookmark with id 13 created.","level":"info"}
{"message":"Bookmark with id 14 created.","level":"info"}
{"message":"Bookmark with id 3 deleted.","level":"info"}
{"message":"Invalid rating '4' supplied","level":"error"}
{"message":"Invalid rating '4' supplied","level":"error"}
{"message":"Invalid rating '5' supplied","level":"error"}
{"message":"Bookmark with id 15 created.","level":"info"}
{"message":"Bookmark with id 16 created.","level":"info"}
{"message":"Bookmark with id 16 deleted.","level":"info"}
{"message":"Bookmark with id 15 deleted.","level":"info"}
{"message":"Bookmark with id 17 created.","level":"info"}
{"message":"Bookmark with id 18 created.","level":"info"}
{"message":"Bookmark with id 18 deleted.","level":"info"}
{"message":"Bookmark with id 17 deleted.","level":"info"}
